<?xml version="1.0" encoding="UTF-8"?>
<!-- Generated by org.testng.reporters.JUnitReportReporter -->
<testsuite hostname="yashikas-air.lan" failures="0" tests="1" name="com.xebia.automation.api.posts.GetPostsTest" time="0.977" errors="0" timestamp="02 Feb 2021 03:41:24 GMT" skipped="0">
  <testcase classname="com.xebia.automation.api.posts.GetPostsTest" name="getPostsTest" time="0.977"/>
</testsuite> <!-- com.xebia.automation.api.posts.GetPostsTest -->
