<?xml version="1.0" encoding="UTF-8"?>
<!-- Generated by org.testng.reporters.JUnitReportReporter -->
<testsuite hostname="yashikas-air.lan" failures="0" tests="2" name="com.xebia.automatoon.test.home.BasicSearchTest" time="3.290" errors="0" timestamp="02 Feb 2021 03:45:05 GMT" skipped="0">
  <testcase classname="com.xebia.automatoon.test.home.BasicSearchTest" name="searchTest" time="3.046"/>
  <testcase classname="com.xebia.automatoon.test.home.BasicSearchTest" name="launchTest" time="0.244"/>
</testsuite> <!-- com.xebia.automatoon.test.home.BasicSearchTest -->
