<?xml version="1.0" encoding="UTF-8"?>
<!-- Generated by org.testng.reporters.JUnitReportReporter -->
<testsuite hostname="yashikas-air.lan" failures="0" tests="2" name="com.xebia.automatoon.test.home.BasicSearchTest" time="2.950" errors="0" timestamp="01 Feb 2021 20:54:07 GMT" skipped="0">
  <testcase classname="com.xebia.automatoon.test.home.BasicSearchTest" name="searchTest" time="2.827"/>
  <testcase classname="com.xebia.automatoon.test.home.BasicSearchTest" name="launchTest" time="0.123"/>
</testsuite> <!-- com.xebia.automatoon.test.home.BasicSearchTest -->
